warning: fields `definitions` and `views` are never read
  --> src/config.rs:9:9
   |
 7 | pub struct Config {
   |            ------ fields in this struct
 8 |     #[serde(rename = "DEFINITIONS")]
 9 |     pub definitions: Vec<Definition>,
   |         ^^^^^^^^^^^
10 |     #[serde(rename = "VIEWS")]
11 |     pub views: Option<Vec<View>>,
   |         ^^^^^
   |
   = note: `Config` has a derived impl for the trait `Debug`, but this is intentionally ignored during dead code analysis
   = note: `#[warn(dead_code)]` (part of `#[warn(unused)]`) on by default

warning: field `0` is never read
  --> src/config.rs:17:11
   |
17 |     Cloud(CloudDef),
   |     ----- ^^^^^^^^
   |     |
   |     field in this variant
   |
   = note: `Definition` has a derived impl for the trait `Debug`, but this is intentionally ignored during dead code analysis
help: consider changing the field to be of unit type to suppress this warning while preserving the field numbering, or remove the field
   |
17 -     Cloud(CloudDef),
17 +     Cloud(()),
   |

warning: field `0` is never read
  --> src/config.rs:18:12
   |
18 |     Island(IslandDef),
   |     ------ ^^^^^^^^^
   |     |
   |     field in this variant
   |
   = note: `Definition` has a derived impl for the trait `Debug`, but this is intentionally ignored during dead code analysis
help: consider changing the field to be of unit type to suppress this warning while preserving the field numbering, or remove the field
   |
18 -     Island(IslandDef),
18 +     Island(()),
   |

warning: fields `name` and `fields` are never read
  --> src/config.rs:24:9
   |
22 | pub struct CloudDef {
   |            -------- fields in this struct
23 |     #[serde(rename = "CLOUD")]
24 |     pub name: String,
   |         ^^^^
25 |     pub fields: Vec<String>,
   |         ^^^^^^
   |
   = note: `CloudDef` has a derived impl for the trait `Debug`, but this is intentionally ignored during dead code analysis

warning: fields `name`, `path`, `meta_file`, and `relations` are never read
  --> src/config.rs:31:9
   |
29 | pub struct IslandDef {
   |            --------- fields in this struct
30 |     #[serde(rename = "ISLAND")]
31 |     pub name: String,
   |         ^^^^
32 |     pub path: String,
   |         ^^^^
33 |     pub meta_file: String,
   |         ^^^^^^^^^
34 |     pub relations: Option<Vec<HashMap<String, String>>>,
   |         ^^^^^^^^^
   |
   = note: `IslandDef` has a derived impl for the trait `Debug`, but this is intentionally ignored during dead code analysis

warning: fields `name` and `logic` are never read
  --> src/config.rs:40:9
   |
38 | pub struct View {
   |            ---- fields in this struct
39 |     #[serde(rename = "GRAPH")]
40 |     pub name: String,
   |         ^^^^
41 |     pub logic: String,
   |         ^^^^^
   |
   = note: `View` has a derived impl for the trait `Debug`, but this is intentionally ignored during dead code analysis

warning: `strata` (bin "strata") generated 6 warnings
    Finished `dev` profile [unoptimized + debuginfo] target(s) in 0.11s
     Running `target/debug/strata`
[2m2026-01-03T13:01:46.234246Z[0m [32m INFO[0m [2mstrata[0m[2m:[0m Starting Strata Daemon...
[2m2026-01-03T13:01:46.235168Z[0m [32m INFO[0m [2mstrata[0m[2m:[0m Successfully loaded configuration from strata.config
[2m2026-01-03T13:01:46.238160Z[0m [32m INFO[0m [2mstrata::watcher[0m[2m:[0m Watcher initialized for path: ./DEV
[2m2026-01-03T13:01:46.238185Z[0m [32m INFO[0m [2mstrata[0m[2m:[0m Strata Daemon running. Waiting for file events in ./DEV...
[2m2026-01-03T13:01:47.178253Z[0m [32m INFO[0m [2mstrata[0m[2m:[0m Received event: Event { kind: Create(File), paths: ["/Users/kovachevich/DEV/VALTER-25/DEV/test.txt"], attr:tracker: None, attr:flag: None, attr:info: None, attr:source: None }
[2m2026-01-03T13:01:47.178390Z[0m [32m INFO[0m [2mstrata[0m[2m:[0m Received event: Event { kind: Modify(Data(Content)), paths: ["/Users/kovachevich/DEV/VALTER-25/DEV/test.txt"], attr:tracker: None, attr:flag: None, attr:info: None, attr:source: None }
[2m2026-01-03T13:01:48.184609Z[0m [32m INFO[0m [2mstrata[0m[2m:[0m Received event: Event { kind: Create(File), paths: ["/Users/kovachevich/DEV/VALTER-25/DEV/test.txt"], attr:tracker: None, attr:flag: None, attr:info: None, attr:source: None }
[2m2026-01-03T13:01:48.184755Z[0m [32m INFO[0m [2mstrata[0m[2m:[0m Received event: Event { kind: Modify(Data(Content)), paths: ["/Users/kovachevich/DEV/VALTER-25/DEV/test.txt"], attr:tracker: None, attr:flag: None, attr:info: None, attr:source: None }
