warning: unused imports: `Context` and `SimpleObject`
 --> src/api.rs:1:21
  |
1 | use async_graphql::{Context, EmptyMutation, EmptySubscription, Object, Schema, SimpleObject};
  |                     ^^^^^^^                                                    ^^^^^^^^^^^^
  |
  = note: `#[warn(unused_imports)]` (part of `#[warn(unused)]`) on by default

warning: field `views` is never read
  --> src/config.rs:11:9
   |
 7 | pub struct Config {
   |            ------ field in this struct
...
11 |     pub views: Option<Vec<View>>,
   |         ^^^^^
   |
   = note: `Config` has a derived impl for the trait `Debug`, but this is intentionally ignored during dead code analysis
   = note: `#[warn(dead_code)]` (part of `#[warn(unused)]`) on by default

warning: field `0` is never read
  --> src/config.rs:18:12
   |
18 |     Island(IslandDef),
   |     ------ ^^^^^^^^^
   |     |
   |     field in this variant
   |
   = note: `Definition` has a derived impl for the trait `Debug`, but this is intentionally ignored during dead code analysis
help: consider changing the field to be of unit type to suppress this warning while preserving the field numbering, or remove the field
   |
18 -     Island(IslandDef),
18 +     Island(()),
   |

warning: fields `name`, `path`, `meta_file`, and `relations` are never read
  --> src/config.rs:31:9
   |
29 | pub struct IslandDef {
   |            --------- fields in this struct
30 |     #[serde(rename = "ISLAND")]
31 |     pub name: String,
   |         ^^^^
32 |     pub path: String,
   |         ^^^^
33 |     pub meta_file: String,
   |         ^^^^^^^^^
34 |     pub relations: Option<Vec<HashMap<String, String>>>,
   |         ^^^^^^^^^
   |
   = note: `IslandDef` has a derived impl for the trait `Debug`, but this is intentionally ignored during dead code analysis

warning: fields `name` and `logic` are never read
  --> src/config.rs:40:9
   |
38 | pub struct View {
   |            ---- fields in this struct
39 |     #[serde(rename = "GRAPH")]
40 |     pub name: String,
   |         ^^^^
41 |     pub logic: String,
   |         ^^^^^
   |
   = note: `View` has a derived impl for the trait `Debug`, but this is intentionally ignored during dead code analysis

warning: method `upsert_entity` is never used
  --> src/cloud.rs:46:12
   |
12 | impl SqliteManager {
   | ------------------ method in this implementation
...
46 |     pub fn upsert_entity(&self, table: &str, key_field: &str, value: &str) -> Result<String> {
   |            ^^^^^^^^^^^^^

warning: field `cloud` is never read
  --> src/api.rs:15:9
   |
14 | pub struct ApiState {
   |            -------- field in this struct
15 |     pub cloud: Arc<SqliteManager>,
   |         ^^^^^

warning: `strata` (bin "strata") generated 7 warnings (run `cargo fix --bin "strata"` to apply 1 suggestion)
    Finished `dev` profile [unoptimized + debuginfo] target(s) in 0.13s
     Running `target/debug/strata`
[2m2026-01-03T13:32:52.271719Z[0m [32m INFO[0m [2mstrata[0m[2m:[0m Starting Strata Daemon...
[2m2026-01-03T13:32:52.274672Z[0m [32m INFO[0m [2mstrata[0m[2m:[0m Successfully loaded configuration from strata.config
[2m2026-01-03T13:32:52.277146Z[0m [32m INFO[0m [2mstrata::cloud[0m[2m:[0m Initialized Cloud Table: Operator
[2m2026-01-03T13:32:52.277217Z[0m [32m INFO[0m [2mstrata::cloud[0m[2m:[0m Initialized Cloud Table: Client
[2m2026-01-03T13:32:52.277244Z[0m [32m INFO[0m [2mstrata[0m[2m:[0m Running Context Engine on ./DEV...
[2m2026-01-03T13:32:52.286627Z[0m [32m INFO[0m [2mstrata[0m[2m:[0m Context generated (147 bytes)
[2m2026-01-03T13:32:52.289375Z[0m [32m INFO[0m [2mstrata::api[0m[2m:[0m GraphiQL IDE: http://localhost:8000/graphql
[2m2026-01-03T13:32:52.290042Z[0m [32m INFO[0m [2mstrata::watcher[0m[2m:[0m Watcher initialized for path: ./DEV
[2m2026-01-03T13:32:52.290068Z[0m [32m INFO[0m [2mstrata[0m[2m:[0m Strata Daemon running. Waiting for file events in ./DEV...
