warning: field `views` is never read
  --> src/config.rs:11:9
   |
 7 | pub struct Config {
   |            ------ field in this struct
...
11 |     pub views: Option<Vec<View>>,
   |         ^^^^^
   |
   = note: `Config` has a derived impl for the trait `Debug`, but this is intentionally ignored during dead code analysis
   = note: `#[warn(dead_code)]` (part of `#[warn(unused)]`) on by default

warning: field `0` is never read
  --> src/config.rs:18:12
   |
18 |     Island(IslandDef),
   |     ------ ^^^^^^^^^
   |     |
   |     field in this variant
   |
   = note: `Definition` has a derived impl for the trait `Debug`, but this is intentionally ignored during dead code analysis
help: consider changing the field to be of unit type to suppress this warning while preserving the field numbering, or remove the field
   |
18 -     Island(IslandDef),
18 +     Island(()),
   |

warning: fields `name`, `path`, `meta_file`, and `relations` are never read
  --> src/config.rs:31:9
   |
29 | pub struct IslandDef {
   |            --------- fields in this struct
30 |     #[serde(rename = "ISLAND")]
31 |     pub name: String,
   |         ^^^^
32 |     pub path: String,
   |         ^^^^
33 |     pub meta_file: String,
   |         ^^^^^^^^^
34 |     pub relations: Option<Vec<HashMap<String, String>>>,
   |         ^^^^^^^^^
   |
   = note: `IslandDef` has a derived impl for the trait `Debug`, but this is intentionally ignored during dead code analysis

warning: fields `name` and `logic` are never read
  --> src/config.rs:40:9
   |
38 | pub struct View {
   |            ---- fields in this struct
39 |     #[serde(rename = "GRAPH")]
40 |     pub name: String,
   |         ^^^^
41 |     pub logic: String,
   |         ^^^^^
   |
   = note: `View` has a derived impl for the trait `Debug`, but this is intentionally ignored during dead code analysis

warning: `strata` (bin "strata") generated 4 warnings
    Finished `dev` profile [unoptimized + debuginfo] target(s) in 0.30s
     Running `target/debug/strata`
[2m2026-01-03T13:26:59.006395Z[0m [32m INFO[0m [2mstrata[0m[2m:[0m Starting Strata Daemon...
[2m2026-01-03T13:26:59.008080Z[0m [32m INFO[0m [2mstrata[0m[2m:[0m Successfully loaded configuration from strata.config
[2m2026-01-03T13:26:59.008131Z[0m [32m INFO[0m [2mstrata[0m[2m:[0m --- PHASE 2 TEST: Context Engine ---
[2m2026-01-03T13:26:59.020399Z[0m [32m INFO[0m [2mstrata[0m[2m:[0m Context Context Generated. Length: 147 chars
[2m2026-01-03T13:26:59.020435Z[0m [32m INFO[0m [2mstrata[0m[2m:[0m --- PHASE 3 TEST: Cloud Layer ---
[2m2026-01-03T13:26:59.022004Z[0m [32m INFO[0m [2mstrata::cloud[0m[2m:[0m Initialized Cloud Table: Operator
[2m2026-01-03T13:26:59.022045Z[0m [32m INFO[0m [2mstrata::cloud[0m[2m:[0m Initialized Cloud Table: Client
[2m2026-01-03T13:26:59.022099Z[0m [32m INFO[0m [2mstrata[0m[2m:[0m Upsert Successful! Client 'Omega Corp' has UUID: 9d8b5283-1a15-4af8-9b4b-f9bdbb784f87
[2m2026-01-03T13:26:59.022142Z[0m [32m INFO[0m [2mstrata[0m[2m:[0m Upsert Idempotency Check! Client 'Omega Corp' has UUID: 9d8b5283-1a15-4af8-9b4b-f9bdbb784f87
[2m2026-01-03T13:26:59.024986Z[0m [32m INFO[0m [2mstrata::watcher[0m[2m:[0m Watcher initialized for path: ./DEV
[2m2026-01-03T13:26:59.025023Z[0m [32m INFO[0m [2mstrata[0m[2m:[0m Strata Daemon running. Waiting for file events in ./DEV...
