   Compiling strata v0.5.0 (/Users/kovachevich/DEV/VALTER-25)
warning: unused import: `debug`
 --> src/cloud.rs:5:21
  |
5 | use tracing::{info, debug, warn};
  |                     ^^^^^
  |
  = note: `#[warn(unused_imports)]` (part of `#[warn(unused)]`) on by default

warning: unused import: `error`
  --> src/api.rs:15:21
   |
15 | use tracing::{info, error};
   |                     ^^^^^

warning: unused import: `PathBuf`
 --> src/fs_writer.rs:1:23
  |
1 | use std::path::{Path, PathBuf};
  |                       ^^^^^^^

warning: unused import: `debug`
 --> src/fs_writer.rs:5:21
  |
5 | use tracing::{info, debug};
  |                     ^^^^^

warning: associated items `new`, `get_context`, `process_file`, and `is_binary` are never used
  --> src/context_engine.rs:11:12
   |
10 | impl ContextEngine {
   | ------------------ associated items in this implementation
11 |     pub fn new() -> Self {
   |            ^^^
...
15 |     pub fn get_context(&self, root_path: &str) -> Result<String> {
   |            ^^^^^^^^^^^
...
40 |     fn process_file(&self, path: &Path) -> Result<String> {
   |        ^^^^^^^^^^^^
...
61 |     fn is_binary(&self, path: &Path) -> Result<bool> {
   |        ^^^^^^^^^
   |
   = note: `#[warn(dead_code)]` (part of `#[warn(unused)]`) on by default

warning: field `0` is never read
  --> src/cloud.rs:18:13
   |
18 |     Pending(String),
   |     ------- ^^^^^^
   |     |
   |     field in this variant
   |
   = note: `EntityStatus` has a derived impl for the trait `Debug`, but this is intentionally ignored during dead code analysis
help: consider changing the field to be of unit type to suppress this warning while preserving the field numbering, or remove the field
   |
18 -     Pending(String),
18 +     Pending(()),
   |

warning: fields `0` and `1` are never read
  --> src/cloud.rs:19:15
   |
19 |     Ambiguous(String, Vec<String>),
   |     --------- ^^^^^^  ^^^^^^^^^^^
   |     |
   |     fields in this variant
   |
   = note: `EntityStatus` has a derived impl for the trait `Debug`, but this is intentionally ignored during dead code analysis
help: consider changing the fields to be of unit type to suppress this warning while preserving the field numbering, or remove the fields
   |
19 -     Ambiguous(String, Vec<String>),
19 +     Ambiguous((), ()),
   |

warning: method `upsert_entity` is never used
   --> src/cloud.rs:282:12
    |
 22 | impl SqliteManager {
    | ------------------ method in this implementation
...
282 |     pub fn upsert_entity(&self, table: &str, key_field: &str, value: &str) -> Result<String> {
    |            ^^^^^^^^^^^^^

warning: `strata` (bin "strata") generated 8 warnings (run `cargo fix --bin "strata"` to apply 4 suggestions)
    Finished `dev` profile [unoptimized + debuginfo] target(s) in 3.46s
     Running `target/debug/strata`
[2m2026-01-05T10:05:38.564378Z[0m [32m INFO[0m [2mstrata[0m[2m:[0m Starting TEJL Strata Daemon v0.4 (Bi-Directional)...
[2m2026-01-05T10:05:38.566450Z[0m [32m INFO[0m [2mstrata[0m[2m:[0m Loaded Config for: TEJL d.o.o.
[2m2026-01-05T10:05:38.568423Z[0m [32m INFO[0m [2mstrata[0m[2m:[0m --- Oracle Tools Generation ---
[2m2026-01-05T10:05:38.569164Z[0m [32m INFO[0m [2mstrata::processor[0m[2m:[0m Scanning existing islands in: ./DEV
[2m2026-01-05T10:05:38.570419Z[0m [32m INFO[0m [2mstrata::aggregator[0m[2m:[0m Deep Scan: Searching './DEV/Project_Phoenix/INTERNO/Financije/Racuni/*.yaml' for rule 'ukupni_prihod'
[2m2026-01-05T10:05:38.571019Z[0m [32m INFO[0m [2mstrata::aggregator[0m[2m:[0m Deep Scan: Searching './DEV/Project_Phoenix/INTERNO/RadniNalozi/*.yaml' for rule 'ukupno_sati'
[2m2026-01-05T10:05:38.572277Z[0m [32m INFO[0m [2mstrata::api[0m[2m:[0m GraphiQL IDE: http://localhost:8000/graphql
[2m2026-01-05T10:05:38.575978Z[0m [32m INFO[0m [2mstrata::watcher[0m[2m:[0m Watcher initialized for path: ./DEV
[2m2026-01-05T10:05:38.576009Z[0m [32m INFO[0m [2mstrata[0m[2m:[0m System Online. Monitoring filesystem...
